<?xml version="1.0" encoding="UTF-8"?>
<!-- Generated by org.testng.reporters.JUnitXMLReporter -->
<testsuite hostname="Haroan" name="Default test" tests="3" failures="0" timestamp="18 Aug 2022 04:43:49 GMT" time="7.636" errors="0">
  <testcase name="post" time="5.498" classname="org.petstore.PetStore"/>
  <testcase name="Get" time="2.099" classname="org.petstore.PetStore"/>
  <testcase name="FiindByStatus" time="0.0" classname="org.petstore.PetStore">
    <skipped/>
  </testcase> <!-- FiindByStatus -->
</testsuite> <!-- Default test -->
