<?xml version="1.0" encoding="UTF-8"?>
<testng-results skipped="1" failed="0" total="3" passed="2">
  <reporter-output>
  </reporter-output>
  <suite name="Default suite" duration-ms="7636" started-at="2022-08-18T04:43:41Z" finished-at="2022-08-18T04:43:49Z">
    <groups>
    </groups>
    <test name="Default test" duration-ms="7636" started-at="2022-08-18T04:43:41Z" finished-at="2022-08-18T04:43:49Z">
      <class name="org.petstore.PetStore">
        <test-method status="PASS" signature="post()[pri:1, instance:org.petstore.PetStore@34340fab]" name="post" duration-ms="5498" started-at="2022-08-18T10:13:41Z" finished-at="2022-08-18T10:13:47Z">
          <reporter-output>
          </reporter-output>
        </test-method> <!-- post -->
        <test-method status="PASS" signature="Get()[pri:2, instance:org.petstore.PetStore@34340fab]" name="Get" duration-ms="2099" started-at="2022-08-18T10:13:47Z" finished-at="2022-08-18T10:13:49Z">
          <reporter-output>
          </reporter-output>
        </test-method> <!-- Get -->
        <test-method status="SKIP" signature="FiindByStatus(java.lang.String)[pri:3, instance:org.petstore.PetStore@34340fab]" name="FiindByStatus" duration-ms="0" started-at="2022-08-18T10:13:49Z" finished-at="2022-08-18T10:13:49Z">
          <exception class="org.testng.TestNGException">
            <message>
              <![CDATA[
Method FiindByStatus requires 1 parameters but 0 were supplied in the @Test annotation.]]>
            </message>
            <full-stacktrace>
              <![CDATA[org.testng.TestNGException: 
Method FiindByStatus requires 1 parameters but 0 were supplied in the @Test annotation.
	at org.testng.internal.Parameters.checkParameterTypes(Parameters.java:191)
	at org.testng.internal.Parameters.createParameters(Parameters.java:127)
	at org.testng.internal.Parameters.createParameters(Parameters.java:376)
	at org.testng.internal.Parameters.handleParameters(Parameters.java:451)
	at org.testng.internal.Invoker.handleParameters(Invoker.java:1276)
	at org.testng.internal.Invoker.createParameters(Invoker.java:991)
	at org.testng.internal.Invoker.invokeTestMethods(Invoker.java:1081)
	at org.testng.internal.TestMethodWorker.invokeTestMethods(TestMethodWorker.java:129)
	at org.testng.internal.TestMethodWorker.run(TestMethodWorker.java:112)
	at org.testng.TestRunner.privateRun(TestRunner.java:782)
	at org.testng.TestRunner.run(TestRunner.java:632)
	at org.testng.SuiteRunner.runTest(SuiteRunner.java:366)
	at org.testng.SuiteRunner.runSequentially(SuiteRunner.java:361)
	at org.testng.SuiteRunner.privateRun(SuiteRunner.java:319)
	at org.testng.SuiteRunner.run(SuiteRunner.java:268)
	at org.testng.SuiteRunnerWorker.runSuite(SuiteRunnerWorker.java:52)
	at org.testng.SuiteRunnerWorker.run(SuiteRunnerWorker.java:86)
	at org.testng.TestNG.runSuitesSequentially(TestNG.java:1244)
	at org.testng.TestNG.runSuitesLocally(TestNG.java:1169)
	at org.testng.TestNG.run(TestNG.java:1064)
	at org.testng.remote.RemoteTestNG.run(RemoteTestNG.java:113)
	at org.testng.remote.RemoteTestNG.initAndRun(RemoteTestNG.java:206)
	at org.testng.remote.RemoteTestNG.main(RemoteTestNG.java:177)
]]>
            </full-stacktrace>
          </exception> <!-- org.testng.TestNGException -->
          <reporter-output>
          </reporter-output>
        </test-method> <!-- FiindByStatus -->
      </class> <!-- org.petstore.PetStore -->
    </test> <!-- Default test -->
  </suite> <!-- Default suite -->
</testng-results>
